2019-06-19 PM 10:47:32
 
2019-06-20 PM 1:16:18
 
2019-06-24 PM 9:29:41
 
2019-06-24 PM 9:33:24
 
2019-06-24 PM 9:33:47
 
2019-06-24 PM 9:34:16
 
2019-06-25 PM 7:48:05
 
2019-06-25 PM 7:48:34
 
<<<<<<< Updated upstream
2019-06-29 PM 2:21:08
 
2019-06-29 PM 2:35:52
 
2019-06-29 PM 2:39:09
 
2019-06-29 PM 2:40:35
 
2019-06-29 PM 2:41:09
 
2019-06-29 PM 2:44:39
 
2019-06-29 PM 2:54:47
 
2019-06-29 PM 2:56:37
 
2019-06-29 PM 2:58:32
 
2019-06-29 PM 3:01:49
 
2019-06-29 PM 3:03:08
 
2019-06-29 PM 3:03:46
 
2019-06-29 PM 9:06:24
 
Warning
MaximizedWindow is not currently supported on Windows, setting to FullsceenWindow instead

2019-06-29 PM 9:23:47
 
2019-06-29 PM 9:26:08
 
2019-06-29 PM 9:27:35
 
2019-06-29 PM 9:37:27
 
Warning
Default audio device was changed, but the audio system failed to initialize it. Attempting to reset sound system.

Error
FMOD failed to get driver capabilities ... : "Error initializing output device. " (60)

Warning
Forced to initialize FMOD to to the device driver's system output rate 48000, this may impact performance and/or give inconsistent experiences compared to selected sample rate 48000

Warning
Default audio device was changed, but the audio system failed to initialize it. Attempting to reset sound system.

2019-06-30 PM 7:08:03
 
2019-07-24 PM 9:33:57
 
2019-07-24 PM 9:36:03
 
2019-09-20 PM 11:18:54
 
2019-09-20 PM 11:20:27
 
2019-09-20 PM 11:21:27
 
2019-09-20 PM 11:24:41
 
2019-09-20 PM 11:32:03
 
2019-09-20 PM 11:36:10
 
2019-09-20 PM 11:39:35
 
2019-09-20 PM 11:41:52
 
2019-09-20 PM 11:59:54
 
2019-09-21 AM 12:07:17
 
2019-09-21 AM 12:08:49
 
2019-09-21 AM 12:53:13
 
2019-09-21 AM 12:55:50
 
2019-09-21 AM 1:00:16
 
2019-09-21 AM 1:01:14
 
2019-09-21 AM 1:17:58
 
2019-09-21 AM 1:20:55
 
2019-09-28 AM 12:20:26
 
2019-09-28 AM 12:23:07
 
2019-09-28 AM 12:23:32
 
2019-09-28 AM 12:25:49
 
2019-09-28 AM 12:27:43
 
2019-09-28 AM 12:29:44
 
2019-09-28 AM 12:30:41
 
2019-09-28 AM 12:31:36
 
2019-09-28 AM 12:32:27
 
2019-09-28 AM 12:35:14
 
2019-09-28 AM 12:38:04
 
2019-09-28 AM 12:42:12
 
2019-09-28 AM 12:42:52
 
2019-09-28 AM 12:46:35
 
2019-09-28 AM 12:48:14
 
2019-09-28 AM 12:48:48
 
2019-09-28 AM 12:55:00
 
2019-09-28 AM 12:56:36
 
2019-09-28 AM 1:00:44
 
2019-09-28 AM 1:01:23
=======
2019-06-28 PM 6:29:41
 
2019-06-28 PM 6:30:04
 
2019-06-28 PM 6:32:29
>>>>>>> Stashed changes
 
2019-10-08 AM 11:13:51
 
2019-10-08 AM 11:16:42
 
2019-10-08 AM 11:17:25
 
2019-10-08 AM 11:17:52
 
2019-10-08 AM 11:27:31
 
2019-10-08 AM 11:29:55
 
2019-10-08 PM 1:11:26
 
2019-10-08 PM 1:12:15
 
2019-10-08 PM 1:16:35
 
2019-10-08 PM 3:41:09
 
2019-10-08 PM 3:41:23
 
2019-10-08 PM 4:06:41
 
2019-10-08 PM 6:18:17
 
2019-10-10 PM 4:58:57
 
2019-10-10 PM 4:59:27
 
